  [1m[36mActiveRecord::SchemaMigration Load (0.3ms)[0m  [1mSELECT "schema_migrations".* FROM "schema_migrations"[0m
  [1m[35mActiveRecord::SchemaMigration Load (0.1ms)[0m  SELECT "schema_migrations".* FROM "schema_migrations"


Started GET "/" for 127.0.0.1 at 2015-02-20 00:16:22 +0800
  [1m[36mActiveRecord::SchemaMigration Load (0.3ms)[0m  [1mSELECT "schema_migrations".* FROM "schema_migrations"[0m
Processing by WelcomeController#index as HTML
  Rendered welcome/index.erb within layouts/application (1.0ms)
Completed 200 OK in 889ms (Views: 873.8ms | ActiveRecord: 0.0ms)


Started GET "/assets/scaffolds.css?body=1" for 127.0.0.1 at 2015-02-20 00:16:23 +0800


Started GET "/assets/widgets.css?body=1" for 127.0.0.1 at 2015-02-20 00:16:23 +0800


Started GET "/assets/jquery.js?body=1" for 127.0.0.1 at 2015-02-20 00:16:23 +0800


Started GET "/assets/turbolinks.js?body=1" for 127.0.0.1 at 2015-02-20 00:16:23 +0800


Started GET "/assets/jquery_ujs.js?body=1" for 127.0.0.1 at 2015-02-20 00:16:23 +0800


Started GET "/assets/welcome.js?body=1" for 127.0.0.1 at 2015-02-20 00:16:23 +0800


Started GET "/assets/widgets.js?body=1" for 127.0.0.1 at 2015-02-20 00:16:23 +0800


Started GET "/assets/application.js?body=1" for 127.0.0.1 at 2015-02-20 00:16:23 +0800


Started GET "/assets/welcome.css?body=1" for 127.0.0.1 at 2015-02-20 00:16:23 +0800
  [1m[36mActiveRecord::SchemaMigration Load (0.3ms)[0m  [1mSELECT "schema_migrations".* FROM "schema_migrations"[0m


Started GET "/assets/application.css?body=1" for 127.0.0.1 at 2015-02-20 00:16:23 +0800


Started GET "/" for 127.0.0.1 at 2015-02-20 00:25:01 +0800
Processing by WelcomeController#index as HTML
  Rendered welcome/index.erb within layouts/application (0.8ms)
Completed 200 OK in 116ms (Views: 77.7ms | ActiveRecord: 0.0ms)


Started GET "/assets/scaffolds.css?body=1" for 127.0.0.1 at 2015-02-20 00:25:01 +0800


Started GET "/assets/welcome.css?body=1" for 127.0.0.1 at 2015-02-20 00:25:01 +0800


Started GET "/assets/turbolinks.js?body=1" for 127.0.0.1 at 2015-02-20 00:25:01 +0800


Started GET "/assets/widgets.css?body=1" for 127.0.0.1 at 2015-02-20 00:25:01 +0800


Started GET "/assets/application.css?body=1" for 127.0.0.1 at 2015-02-20 00:25:01 +0800


Started GET "/assets/jquery.js?body=1" for 127.0.0.1 at 2015-02-20 00:25:01 +0800


Started GET "/assets/jquery_ujs.js?body=1" for 127.0.0.1 at 2015-02-20 00:25:01 +0800


Started GET "/assets/widgets.js?body=1" for 127.0.0.1 at 2015-02-20 00:25:01 +0800


Started GET "/assets/application.js?body=1" for 127.0.0.1 at 2015-02-20 00:25:01 +0800


Started GET "/assets/welcome.js?body=1" for 127.0.0.1 at 2015-02-20 00:25:01 +0800


Started GET "/" for 127.0.0.1 at 2015-02-20 00:25:03 +0800
Processing by WelcomeController#index as HTML
  Rendered welcome/index.erb within layouts/application (0.1ms)
Completed 200 OK in 30ms (Views: 29.4ms | ActiveRecord: 0.0ms)


Started GET "/assets/scaffolds.css?body=1" for 127.0.0.1 at 2015-02-20 00:25:03 +0800


Started GET "/assets/widgets.css?body=1" for 127.0.0.1 at 2015-02-20 00:25:03 +0800


Started GET "/assets/turbolinks.js?body=1" for 127.0.0.1 at 2015-02-20 00:25:03 +0800




Started GET "/assets/welcome.css?body=1" for 127.0.0.1 at 2015-02-20 00:25:03 +0800
Started GET "/assets/application.css?body=1" for 127.0.0.1 at 2015-02-20 00:25:03 +0800


Started GET "/assets/jquery.js?body=1" for 127.0.0.1 at 2015-02-20 00:25:03 +0800


Started GET "/assets/jquery_ujs.js?body=1" for 127.0.0.1 at 2015-02-20 00:25:03 +0800


Started GET "/assets/welcome.js?body=1" for 127.0.0.1 at 2015-02-20 00:25:03 +0800


Started GET "/assets/widgets.js?body=1" for 127.0.0.1 at 2015-02-20 00:25:03 +0800


Started GET "/assets/application.js?body=1" for 127.0.0.1 at 2015-02-20 00:25:03 +0800


Started GET "/" for 127.0.0.1 at 2015-02-20 00:26:36 +0800
Processing by WelcomeController#index as HTML
  Rendered welcome/index.erb within layouts/application (2.9ms)
Completed 500 Internal Server Error in 5ms

ActionView::Template::Error (uninitialized constant ActionView::CompiledTemplates::Cowsay):
    5: </p>
    6: 
    7: <pre>
    8: <%= Cowsay.say("Hello") %>
    9: </pre>
  app/views/welcome/index.erb:8:in `_app_views_welcome_index_erb___4125455897905189160_70140521952140'


  Rendered vendor/bundle/ruby/2.0.0/gems/actionpack-4.1.8/lib/action_dispatch/middleware/templates/rescues/_trace.html.erb (0.8ms)
  Rendered vendor/bundle/ruby/2.0.0/gems/actionpack-4.1.8/lib/action_dispatch/middleware/templates/rescues/_request_and_response.html.erb (0.8ms)
  Rendered vendor/bundle/ruby/2.0.0/gems/actionpack-4.1.8/lib/action_dispatch/middleware/templates/rescues/template_error.html.erb within rescues/layout (10.9ms)


Started GET "/" for 127.0.0.1 at 2015-02-21 22:36:28 +0800
  [1m[36mActiveRecord::SchemaMigration Load (1.3ms)[0m  [1mSELECT "schema_migrations".* FROM "schema_migrations"[0m
Processing by WelcomeController#index as HTML
  Rendered welcome/index.erb within layouts/application (6.6ms)
Completed 500 Internal Server Error in 32ms

ActionView::Template::Error (uninitialized constant ActionView::CompiledTemplates::Cowsay):
    5: </p>
    6: 
    7: <pre>
    8: <%= Cowsay.say("Hello") %>
    9: </pre>
  app/views/welcome/index.erb:8:in `_app_views_welcome_index_erb___4125455897905189160_70140545271920'


  Rendered vendor/bundle/ruby/2.0.0/gems/actionpack-4.1.8/lib/action_dispatch/middleware/templates/rescues/_trace.html.erb (1.1ms)
  Rendered vendor/bundle/ruby/2.0.0/gems/actionpack-4.1.8/lib/action_dispatch/middleware/templates/rescues/_request_and_response.html.erb (0.6ms)
  Rendered vendor/bundle/ruby/2.0.0/gems/actionpack-4.1.8/lib/action_dispatch/middleware/templates/rescues/template_error.html.erb within rescues/layout (12.0ms)


Started GET "/" for 127.0.0.1 at 2015-02-21 23:09:46 +0800
  [1m[36mActiveRecord::SchemaMigration Load (0.3ms)[0m  [1mSELECT "schema_migrations".* FROM "schema_migrations"[0m
Processing by WelcomeController#index as HTML
  Rendered welcome/index.erb within layouts/application (4.7ms)
Completed 500 Internal Server Error in 26ms

ActionView::Template::Error (uninitialized constant ActionView::CompiledTemplates::Cowsay):
    5: </p>
    6: 
    7: <pre>
    8: <%= Cowsay.say("Hello") %>
    9: </pre>
  app/views/welcome/index.erb:8:in `_app_views_welcome_index_erb___4125455897905189160_70140545571860'


  Rendered vendor/bundle/ruby/2.0.0/gems/actionpack-4.1.8/lib/action_dispatch/middleware/templates/rescues/_trace.html.erb (1.2ms)
  Rendered vendor/bundle/ruby/2.0.0/gems/actionpack-4.1.8/lib/action_dispatch/middleware/templates/rescues/_request_and_response.html.erb (0.7ms)
  Rendered vendor/bundle/ruby/2.0.0/gems/actionpack-4.1.8/lib/action_dispatch/middleware/templates/rescues/template_error.html.erb within rescues/layout (11.2ms)


Started GET "/" for 127.0.0.1 at 2015-02-21 23:12:23 +0800
  [1m[36mActiveRecord::SchemaMigration Load (0.4ms)[0m  [1mSELECT "schema_migrations".* FROM "schema_migrations"[0m
Processing by WelcomeController#index as HTML
  Rendered welcome/index.erb within layouts/application (3.0ms)
Completed 500 Internal Server Error in 21ms

ActionView::Template::Error (uninitialized constant ActionView::CompiledTemplates::Cowsay):
    5: </p>
    6: 
    7: <pre>
    8: <%= Cowsay.say("Hello") %>
    9: </pre>
  app/views/welcome/index.erb:8:in `_app_views_welcome_index_erb___4125455897905189160_70140545523580'


  Rendered vendor/bundle/ruby/2.0.0/gems/actionpack-4.1.8/lib/action_dispatch/middleware/templates/rescues/_trace.html.erb (1.0ms)
  Rendered vendor/bundle/ruby/2.0.0/gems/actionpack-4.1.8/lib/action_dispatch/middleware/templates/rescues/_request_and_response.html.erb (0.6ms)
  Rendered vendor/bundle/ruby/2.0.0/gems/actionpack-4.1.8/lib/action_dispatch/middleware/templates/rescues/template_error.html.erb within rescues/layout (8.7ms)


Started GET "/" for 127.0.0.1 at 2015-02-21 23:12:26 +0800
Processing by WelcomeController#index as HTML
  Rendered welcome/index.erb within layouts/application (1.1ms)
Completed 500 Internal Server Error in 3ms

ActionView::Template::Error (uninitialized constant ActionView::CompiledTemplates::Cowsay):
    5: </p>
    6: 
    7: <pre>
    8: <%= Cowsay.say("Hello") %>
    9: </pre>
  app/views/welcome/index.erb:8:in `_app_views_welcome_index_erb___4125455897905189160_70140545523580'


  Rendered vendor/bundle/ruby/2.0.0/gems/actionpack-4.1.8/lib/action_dispatch/middleware/templates/rescues/_trace.html.erb (0.9ms)
  Rendered vendor/bundle/ruby/2.0.0/gems/actionpack-4.1.8/lib/action_dispatch/middleware/templates/rescues/_request_and_response.html.erb (0.6ms)
  Rendered vendor/bundle/ruby/2.0.0/gems/actionpack-4.1.8/lib/action_dispatch/middleware/templates/rescues/template_error.html.erb within rescues/layout (8.3ms)


Started GET "/" for 127.0.0.1 at 2015-02-21 23:28:56 +0800
Processing by WelcomeController#index as HTML
  Rendered welcome/index.erb within layouts/application (1.3ms)
Completed 500 Internal Server Error in 3ms

ActionView::Template::Error (uninitialized constant ActionView::CompiledTemplates::Cowsay):
    5: </p>
    6: 
    7: <pre>
    8: <%= Cowsay.say("Hello") %>
    9: </pre>
  app/views/welcome/index.erb:8:in `_app_views_welcome_index_erb___4125455897905189160_70140545571860'


  Rendered vendor/bundle/ruby/2.0.0/gems/actionpack-4.1.8/lib/action_dispatch/middleware/templates/rescues/_trace.html.erb (0.8ms)
  Rendered vendor/bundle/ruby/2.0.0/gems/actionpack-4.1.8/lib/action_dispatch/middleware/templates/rescues/_request_and_response.html.erb (0.6ms)
  Rendered vendor/bundle/ruby/2.0.0/gems/actionpack-4.1.8/lib/action_dispatch/middleware/templates/rescues/template_error.html.erb within rescues/layout (8.6ms)


Started GET "/" for 127.0.0.1 at 2015-02-21 23:35:00 +0800
Processing by WelcomeController#index as HTML
  Rendered welcome/index.erb within layouts/application (1.8ms)
Completed 500 Internal Server Error in 4ms

ActionView::Template::Error (uninitialized constant ActionView::CompiledTemplates::Cowsay):
    5: </p>
    6: 
    7: <pre>
    8: <%= Cowsay.say("Hello") %>
    9: </pre>
  app/views/welcome/index.erb:8:in `_app_views_welcome_index_erb___4125455897905189160_70140545523580'


  Rendered vendor/bundle/ruby/2.0.0/gems/actionpack-4.1.8/lib/action_dispatch/middleware/templates/rescues/_trace.html.erb (0.9ms)
  Rendered vendor/bundle/ruby/2.0.0/gems/actionpack-4.1.8/lib/action_dispatch/middleware/templates/rescues/_request_and_response.html.erb (0.7ms)
  Rendered vendor/bundle/ruby/2.0.0/gems/actionpack-4.1.8/lib/action_dispatch/middleware/templates/rescues/template_error.html.erb within rescues/layout (8.9ms)


Started GET "/" for 127.0.0.1 at 2015-02-21 23:35:03 +0800
Processing by WelcomeController#index as HTML
  Rendered welcome/index.erb within layouts/application (29.4ms)
Completed 500 Internal Server Error in 31ms

ActionView::Template::Error (uninitialized constant ActionView::CompiledTemplates::Cowsay):
    5: </p>
    6: 
    7: <pre>
    8: <%= Cowsay.say("Hello") %>
    9: </pre>
  app/views/welcome/index.erb:8:in `_app_views_welcome_index_erb___4125455897905189160_70140545523580'


  Rendered vendor/bundle/ruby/2.0.0/gems/actionpack-4.1.8/lib/action_dispatch/middleware/templates/rescues/_trace.html.erb (0.8ms)
  Rendered vendor/bundle/ruby/2.0.0/gems/actionpack-4.1.8/lib/action_dispatch/middleware/templates/rescues/_request_and_response.html.erb (0.6ms)
  Rendered vendor/bundle/ruby/2.0.0/gems/actionpack-4.1.8/lib/action_dispatch/middleware/templates/rescues/template_error.html.erb within rescues/layout (8.0ms)


Started GET "/" for 127.0.0.1 at 2015-02-21 23:35:04 +0800
Processing by WelcomeController#index as HTML
  Rendered welcome/index.erb within layouts/application (1.1ms)
Completed 500 Internal Server Error in 3ms

ActionView::Template::Error (uninitialized constant ActionView::CompiledTemplates::Cowsay):
    5: </p>
    6: 
    7: <pre>
    8: <%= Cowsay.say("Hello") %>
    9: </pre>
  app/views/welcome/index.erb:8:in `_app_views_welcome_index_erb___4125455897905189160_70140545523580'


  Rendered vendor/bundle/ruby/2.0.0/gems/actionpack-4.1.8/lib/action_dispatch/middleware/templates/rescues/_trace.html.erb (0.8ms)
  Rendered vendor/bundle/ruby/2.0.0/gems/actionpack-4.1.8/lib/action_dispatch/middleware/templates/rescues/_request_and_response.html.erb (0.7ms)
  Rendered vendor/bundle/ruby/2.0.0/gems/actionpack-4.1.8/lib/action_dispatch/middleware/templates/rescues/template_error.html.erb within rescues/layout (8.5ms)


Started GET "/" for 127.0.0.1 at 2015-02-21 23:39:41 +0800
Processing by WelcomeController#index as HTML
  Rendered welcome/index.erb within layouts/application (1.3ms)
Completed 500 Internal Server Error in 3ms

ActionView::Template::Error (uninitialized constant ActionView::CompiledTemplates::Cowsay):
    5: </p>
    6: 
    7: <pre>
    8: <%= Cowsay.say("Hello") %>
    9: </pre>
  app/views/welcome/index.erb:8:in `_app_views_welcome_index_erb___4125455897905189160_70140545571860'


  Rendered vendor/bundle/ruby/2.0.0/gems/actionpack-4.1.8/lib/action_dispatch/middleware/templates/rescues/_trace.html.erb (0.9ms)
  Rendered vendor/bundle/ruby/2.0.0/gems/actionpack-4.1.8/lib/action_dispatch/middleware/templates/rescues/_request_and_response.html.erb (0.6ms)
  Rendered vendor/bundle/ruby/2.0.0/gems/actionpack-4.1.8/lib/action_dispatch/middleware/templates/rescues/template_error.html.erb within rescues/layout (9.0ms)


Started GET "/" for 127.0.0.1 at 2015-02-21 23:39:48 +0800
Processing by WelcomeController#index as HTML
  Rendered welcome/index.erb within layouts/application (30.2ms)
Completed 500 Internal Server Error in 32ms

ActionView::Template::Error (uninitialized constant ActionView::CompiledTemplates::Cowsay):
    5: </p>
    6: 
    7: <pre>
    8: <%= Cowsay.say("Hello") %>
    9: </pre>
  app/views/welcome/index.erb:8:in `_app_views_welcome_index_erb___4125455897905189160_70140545571860'


  Rendered vendor/bundle/ruby/2.0.0/gems/actionpack-4.1.8/lib/action_dispatch/middleware/templates/rescues/_trace.html.erb (0.7ms)
  Rendered vendor/bundle/ruby/2.0.0/gems/actionpack-4.1.8/lib/action_dispatch/middleware/templates/rescues/_request_and_response.html.erb (0.6ms)
  Rendered vendor/bundle/ruby/2.0.0/gems/actionpack-4.1.8/lib/action_dispatch/middleware/templates/rescues/template_error.html.erb within rescues/layout (8.0ms)


Started GET "/" for 127.0.0.1 at 2015-02-21 23:40:23 +0800
Processing by WelcomeController#index as HTML
  Rendered welcome/index.erb within layouts/application (1.2ms)
Completed 500 Internal Server Error in 3ms

ActionView::Template::Error (uninitialized constant ActionView::CompiledTemplates::Cowsay):
    5: </p>
    6: 
    7: <pre>
    8: <%= Cowsay.say("Hello") %>
    9: </pre>
  app/views/welcome/index.erb:8:in `_app_views_welcome_index_erb___4125455897905189160_70140545523580'


  Rendered vendor/bundle/ruby/2.0.0/gems/actionpack-4.1.8/lib/action_dispatch/middleware/templates/rescues/_trace.html.erb (1.0ms)
  Rendered vendor/bundle/ruby/2.0.0/gems/actionpack-4.1.8/lib/action_dispatch/middleware/templates/rescues/_request_and_response.html.erb (0.8ms)
  Rendered vendor/bundle/ruby/2.0.0/gems/actionpack-4.1.8/lib/action_dispatch/middleware/templates/rescues/template_error.html.erb within rescues/layout (10.2ms)


Started GET "/" for 127.0.0.1 at 2015-02-21 23:40:29 +0800
Processing by WelcomeController#index as HTML
  Rendered welcome/index.erb within layouts/application (1.2ms)
Completed 500 Internal Server Error in 3ms

ActionView::Template::Error (uninitialized constant ActionView::CompiledTemplates::Cowsay):
    5: </p>
    6: 
    7: <pre>
    8: <%= Cowsay.say("Hello") %>
    9: </pre>
  app/views/welcome/index.erb:8:in `_app_views_welcome_index_erb___4125455897905189160_70140545523580'


  Rendered vendor/bundle/ruby/2.0.0/gems/actionpack-4.1.8/lib/action_dispatch/middleware/templates/rescues/_trace.html.erb (0.8ms)
  Rendered vendor/bundle/ruby/2.0.0/gems/actionpack-4.1.8/lib/action_dispatch/middleware/templates/rescues/_request_and_response.html.erb (0.7ms)
  Rendered vendor/bundle/ruby/2.0.0/gems/actionpack-4.1.8/lib/action_dispatch/middleware/templates/rescues/template_error.html.erb within rescues/layout (8.7ms)


Started GET "/" for 127.0.0.1 at 2015-02-21 23:40:31 +0800
Processing by WelcomeController#index as HTML
  Rendered welcome/index.erb within layouts/application (1.2ms)
Completed 500 Internal Server Error in 3ms

ActionView::Template::Error (uninitialized constant ActionView::CompiledTemplates::Cowsay):
    5: </p>
    6: 
    7: <pre>
    8: <%= Cowsay.say("Hello") %>
    9: </pre>
  app/views/welcome/index.erb:8:in `_app_views_welcome_index_erb___4125455897905189160_70140545523580'


  Rendered vendor/bundle/ruby/2.0.0/gems/actionpack-4.1.8/lib/action_dispatch/middleware/templates/rescues/_trace.html.erb (0.9ms)
  Rendered vendor/bundle/ruby/2.0.0/gems/actionpack-4.1.8/lib/action_dispatch/middleware/templates/rescues/_request_and_response.html.erb (0.7ms)
  Rendered vendor/bundle/ruby/2.0.0/gems/actionpack-4.1.8/lib/action_dispatch/middleware/templates/rescues/template_error.html.erb within rescues/layout (9.1ms)


Started GET "/" for 127.0.0.1 at 2015-02-21 23:40:32 +0800
Processing by WelcomeController#index as HTML
  Rendered welcome/index.erb within layouts/application (32.5ms)
Completed 500 Internal Server Error in 34ms

ActionView::Template::Error (uninitialized constant ActionView::CompiledTemplates::Cowsay):
    5: </p>
    6: 
    7: <pre>
    8: <%= Cowsay.say("Hello") %>
    9: </pre>
  app/views/welcome/index.erb:8:in `_app_views_welcome_index_erb___4125455897905189160_70140545523580'


  Rendered vendor/bundle/ruby/2.0.0/gems/actionpack-4.1.8/lib/action_dispatch/middleware/templates/rescues/_trace.html.erb (0.9ms)
  Rendered vendor/bundle/ruby/2.0.0/gems/actionpack-4.1.8/lib/action_dispatch/middleware/templates/rescues/_request_and_response.html.erb (1.0ms)
  Rendered vendor/bundle/ruby/2.0.0/gems/actionpack-4.1.8/lib/action_dispatch/middleware/templates/rescues/template_error.html.erb within rescues/layout (12.3ms)


Started GET "/" for 127.0.0.1 at 2015-02-21 23:40:52 +0800
Processing by WelcomeController#index as HTML
  Rendered welcome/index.erb within layouts/application (1.1ms)
Completed 500 Internal Server Error in 3ms

ActionView::Template::Error (uninitialized constant ActionView::CompiledTemplates::Cowsay):
    5: </p>
    6: 
    7: <pre>
    8: <%= Cowsay.say("Hello") %>
    9: </pre>
  app/views/welcome/index.erb:8:in `_app_views_welcome_index_erb___4125455897905189160_70140545523580'


  Rendered vendor/bundle/ruby/2.0.0/gems/actionpack-4.1.8/lib/action_dispatch/middleware/templates/rescues/_trace.html.erb (0.8ms)
  Rendered vendor/bundle/ruby/2.0.0/gems/actionpack-4.1.8/lib/action_dispatch/middleware/templates/rescues/_request_and_response.html.erb (0.6ms)
  Rendered vendor/bundle/ruby/2.0.0/gems/actionpack-4.1.8/lib/action_dispatch/middleware/templates/rescues/template_error.html.erb within rescues/layout (8.4ms)


Started GET "/" for 127.0.0.1 at 2015-02-21 23:40:54 +0800
Processing by WelcomeController#index as HTML
  Rendered welcome/index.erb within layouts/application (1.3ms)
Completed 500 Internal Server Error in 3ms

ActionView::Template::Error (uninitialized constant ActionView::CompiledTemplates::Cowsay):
    5: </p>
    6: 
    7: <pre>
    8: <%= Cowsay.say("Hello") %>
    9: </pre>
  app/views/welcome/index.erb:8:in `_app_views_welcome_index_erb___4125455897905189160_70140545523580'


  Rendered vendor/bundle/ruby/2.0.0/gems/actionpack-4.1.8/lib/action_dispatch/middleware/templates/rescues/_trace.html.erb (0.8ms)
  Rendered vendor/bundle/ruby/2.0.0/gems/actionpack-4.1.8/lib/action_dispatch/middleware/templates/rescues/_request_and_response.html.erb (0.5ms)
  Rendered vendor/bundle/ruby/2.0.0/gems/actionpack-4.1.8/lib/action_dispatch/middleware/templates/rescues/template_error.html.erb within rescues/layout (8.5ms)


Started GET "/" for 127.0.0.1 at 2015-02-21 23:41:27 +0800
Processing by WelcomeController#index as HTML
  Rendered welcome/index.erb within layouts/application (4.8ms)
Completed 500 Internal Server Error in 7ms

ActionView::Template::Error (undefined local variable or method `cowsay' for #<#<Class:0x007f95bc913738>:0x007f95bcabb5e0>):
    5: </p>
    6: 
    7: <pre>
    8: <%= cowsay.say("Hello") %>
    9: </pre>
  app/views/welcome/index.erb:8:in `_app_views_welcome_index_erb___4125455897905189160_70140546106780'


  Rendered vendor/bundle/ruby/2.0.0/gems/actionpack-4.1.8/lib/action_dispatch/middleware/templates/rescues/_trace.html.erb (0.8ms)
  Rendered vendor/bundle/ruby/2.0.0/gems/actionpack-4.1.8/lib/action_dispatch/middleware/templates/rescues/_request_and_response.html.erb (0.6ms)
  Rendered vendor/bundle/ruby/2.0.0/gems/actionpack-4.1.8/lib/action_dispatch/middleware/templates/rescues/template_error.html.erb within rescues/layout (8.5ms)


Started GET "/" for 127.0.0.1 at 2015-02-21 23:41:31 +0800
Processing by WelcomeController#index as HTML
  Rendered welcome/index.erb within layouts/application (5.9ms)
Completed 500 Internal Server Error in 8ms

ActionView::Template::Error (undefined local variable or method `cowsay' for #<#<Class:0x007f95bc913738>:0x007f95b9b3c940>):
    5: </p>
    6: 
    7: <pre>
    8: <%= cowsay.say("Hello") %>
    9: </pre>
  app/views/welcome/index.erb:8:in `_app_views_welcome_index_erb___4125455897905189160_70140546106780'


  Rendered vendor/bundle/ruby/2.0.0/gems/actionpack-4.1.8/lib/action_dispatch/middleware/templates/rescues/_trace.html.erb (0.7ms)
  Rendered vendor/bundle/ruby/2.0.0/gems/actionpack-4.1.8/lib/action_dispatch/middleware/templates/rescues/_request_and_response.html.erb (0.6ms)
  Rendered vendor/bundle/ruby/2.0.0/gems/actionpack-4.1.8/lib/action_dispatch/middleware/templates/rescues/template_error.html.erb within rescues/layout (8.3ms)


Started GET "/" for 127.0.0.1 at 2015-02-21 23:41:31 +0800
Processing by WelcomeController#index as HTML
  Rendered welcome/index.erb within layouts/application (34.2ms)
Completed 500 Internal Server Error in 36ms

ActionView::Template::Error (undefined local variable or method `cowsay' for #<#<Class:0x007f95bc913738>:0x007f95b9d84720>):
    5: </p>
    6: 
    7: <pre>
    8: <%= cowsay.say("Hello") %>
    9: </pre>
  app/views/welcome/index.erb:8:in `_app_views_welcome_index_erb___4125455897905189160_70140546106780'


  Rendered vendor/bundle/ruby/2.0.0/gems/actionpack-4.1.8/lib/action_dispatch/middleware/templates/rescues/_trace.html.erb (0.7ms)
  Rendered vendor/bundle/ruby/2.0.0/gems/actionpack-4.1.8/lib/action_dispatch/middleware/templates/rescues/_request_and_response.html.erb (1.1ms)
  Rendered vendor/bundle/ruby/2.0.0/gems/actionpack-4.1.8/lib/action_dispatch/middleware/templates/rescues/template_error.html.erb within rescues/layout (8.9ms)


Started GET "/" for 127.0.0.1 at 2015-02-21 23:41:32 +0800
Processing by WelcomeController#index as HTML
  Rendered welcome/index.erb within layouts/application (4.6ms)
Completed 500 Internal Server Error in 7ms

ActionView::Template::Error (undefined local variable or method `cowsay' for #<#<Class:0x007f95bc913738>:0x007f95bcada620>):
    5: </p>
    6: 
    7: <pre>
    8: <%= cowsay.say("Hello") %>
    9: </pre>
  app/views/welcome/index.erb:8:in `_app_views_welcome_index_erb___4125455897905189160_70140546106780'


  Rendered vendor/bundle/ruby/2.0.0/gems/actionpack-4.1.8/lib/action_dispatch/middleware/templates/rescues/_trace.html.erb (0.8ms)
  Rendered vendor/bundle/ruby/2.0.0/gems/actionpack-4.1.8/lib/action_dispatch/middleware/templates/rescues/_request_and_response.html.erb (0.5ms)
  Rendered vendor/bundle/ruby/2.0.0/gems/actionpack-4.1.8/lib/action_dispatch/middleware/templates/rescues/template_error.html.erb within rescues/layout (8.2ms)


Started GET "/" for 127.0.0.1 at 2015-02-21 23:41:32 +0800
Processing by WelcomeController#index as HTML
  Rendered welcome/index.erb within layouts/application (5.3ms)
Completed 500 Internal Server Error in 7ms

ActionView::Template::Error (undefined local variable or method `cowsay' for #<#<Class:0x007f95bc913738>:0x007f95b9b67320>):
    5: </p>
    6: 
    7: <pre>
    8: <%= cowsay.say("Hello") %>
    9: </pre>
  app/views/welcome/index.erb:8:in `_app_views_welcome_index_erb___4125455897905189160_70140546106780'


  Rendered vendor/bundle/ruby/2.0.0/gems/actionpack-4.1.8/lib/action_dispatch/middleware/templates/rescues/_trace.html.erb (0.7ms)
  Rendered vendor/bundle/ruby/2.0.0/gems/actionpack-4.1.8/lib/action_dispatch/middleware/templates/rescues/_request_and_response.html.erb (0.5ms)
  Rendered vendor/bundle/ruby/2.0.0/gems/actionpack-4.1.8/lib/action_dispatch/middleware/templates/rescues/template_error.html.erb within rescues/layout (8.2ms)


Started GET "/" for 127.0.0.1 at 2015-02-21 23:41:33 +0800
Processing by WelcomeController#index as HTML
  Rendered welcome/index.erb within layouts/application (33.6ms)
Completed 500 Internal Server Error in 35ms

ActionView::Template::Error (undefined local variable or method `cowsay' for #<#<Class:0x007f95bc913738>:0x007f95b9dbed58>):
    5: </p>
    6: 
    7: <pre>
    8: <%= cowsay.say("Hello") %>
    9: </pre>
  app/views/welcome/index.erb:8:in `_app_views_welcome_index_erb___4125455897905189160_70140546106780'


  Rendered vendor/bundle/ruby/2.0.0/gems/actionpack-4.1.8/lib/action_dispatch/middleware/templates/rescues/_trace.html.erb (0.9ms)
  Rendered vendor/bundle/ruby/2.0.0/gems/actionpack-4.1.8/lib/action_dispatch/middleware/templates/rescues/_request_and_response.html.erb (0.6ms)
  Rendered vendor/bundle/ruby/2.0.0/gems/actionpack-4.1.8/lib/action_dispatch/middleware/templates/rescues/template_error.html.erb within rescues/layout (8.8ms)


Started GET "/" for 127.0.0.1 at 2015-02-21 23:41:33 +0800
Processing by WelcomeController#index as HTML
  Rendered welcome/index.erb within layouts/application (4.7ms)
Completed 500 Internal Server Error in 7ms

ActionView::Template::Error (undefined local variable or method `cowsay' for #<#<Class:0x007f95bc913738>:0x007f95bcaf0920>):
    5: </p>
    6: 
    7: <pre>
    8: <%= cowsay.say("Hello") %>
    9: </pre>
  app/views/welcome/index.erb:8:in `_app_views_welcome_index_erb___4125455897905189160_70140546106780'


  Rendered vendor/bundle/ruby/2.0.0/gems/actionpack-4.1.8/lib/action_dispatch/middleware/templates/rescues/_trace.html.erb (0.8ms)
  Rendered vendor/bundle/ruby/2.0.0/gems/actionpack-4.1.8/lib/action_dispatch/middleware/templates/rescues/_request_and_response.html.erb (0.5ms)
  Rendered vendor/bundle/ruby/2.0.0/gems/actionpack-4.1.8/lib/action_dispatch/middleware/templates/rescues/template_error.html.erb within rescues/layout (8.5ms)


Started GET "/" for 127.0.0.1 at 2015-02-21 23:41:33 +0800
Processing by WelcomeController#index as HTML
  Rendered welcome/index.erb within layouts/application (4.2ms)
Completed 500 Internal Server Error in 6ms

ActionView::Template::Error (undefined local variable or method `cowsay' for #<#<Class:0x007f95bc913738>:0x007f95b9b944b0>):
    5: </p>
    6: 
    7: <pre>
    8: <%= cowsay.say("Hello") %>
    9: </pre>
  app/views/welcome/index.erb:8:in `_app_views_welcome_index_erb___4125455897905189160_70140546106780'


  Rendered vendor/bundle/ruby/2.0.0/gems/actionpack-4.1.8/lib/action_dispatch/middleware/templates/rescues/_trace.html.erb (0.9ms)
  Rendered vendor/bundle/ruby/2.0.0/gems/actionpack-4.1.8/lib/action_dispatch/middleware/templates/rescues/_request_and_response.html.erb (0.6ms)
  Rendered vendor/bundle/ruby/2.0.0/gems/actionpack-4.1.8/lib/action_dispatch/middleware/templates/rescues/template_error.html.erb within rescues/layout (10.5ms)


Started GET "/" for 127.0.0.1 at 2015-02-21 23:43:20 +0800
Processing by WelcomeController#index as HTML
  Rendered welcome/index.erb within layouts/application (5.3ms)
Completed 500 Internal Server Error in 7ms

ActionView::Template::Error (undefined local variable or method `cowsay' for #<#<Class:0x007f95bc8ea7c0>:0x007f95b9d362f0>):
    5: </p>
    6: 
    7: <pre>
    8: <%= cowsay.say("Hello") %>
    9: </pre>
  app/views/welcome/index.erb:8:in `_app_views_welcome_index_erb___4125455897905189160_70140522243240'


  Rendered vendor/bundle/ruby/2.0.0/gems/actionpack-4.1.8/lib/action_dispatch/middleware/templates/rescues/_trace.html.erb (1.1ms)
  Rendered vendor/bundle/ruby/2.0.0/gems/actionpack-4.1.8/lib/action_dispatch/middleware/templates/rescues/_request_and_response.html.erb (0.6ms)
  Rendered vendor/bundle/ruby/2.0.0/gems/actionpack-4.1.8/lib/action_dispatch/middleware/templates/rescues/template_error.html.erb within rescues/layout (9.9ms)


Started GET "/" for 127.0.0.1 at 2015-02-21 23:43:22 +0800
Processing by WelcomeController#index as HTML
  Rendered welcome/index.erb within layouts/application (31.9ms)
Completed 500 Internal Server Error in 34ms

ActionView::Template::Error (undefined local variable or method `cowsay' for #<#<Class:0x007f95bc8ea7c0>:0x007f95b9f55248>):
    5: </p>
    6: 
    7: <pre>
    8: <%= cowsay.say("Hello") %>
    9: </pre>
  app/views/welcome/index.erb:8:in `_app_views_welcome_index_erb___4125455897905189160_70140522243240'


  Rendered vendor/bundle/ruby/2.0.0/gems/actionpack-4.1.8/lib/action_dispatch/middleware/templates/rescues/_trace.html.erb (0.8ms)
  Rendered vendor/bundle/ruby/2.0.0/gems/actionpack-4.1.8/lib/action_dispatch/middleware/templates/rescues/_request_and_response.html.erb (0.6ms)
  Rendered vendor/bundle/ruby/2.0.0/gems/actionpack-4.1.8/lib/action_dispatch/middleware/templates/rescues/template_error.html.erb within rescues/layout (8.5ms)


Started GET "/" for 127.0.0.1 at 2015-02-21 23:43:22 +0800
Processing by WelcomeController#index as HTML
  Rendered welcome/index.erb within layouts/application (4.3ms)
Completed 500 Internal Server Error in 6ms

ActionView::Template::Error (undefined local variable or method `cowsay' for #<#<Class:0x007f95bc8ea7c0>:0x007f95bcac1d78>):
    5: </p>
    6: 
    7: <pre>
    8: <%= cowsay.say("Hello") %>
    9: </pre>
  app/views/welcome/index.erb:8:in `_app_views_welcome_index_erb___4125455897905189160_70140522243240'


  Rendered vendor/bundle/ruby/2.0.0/gems/actionpack-4.1.8/lib/action_dispatch/middleware/templates/rescues/_trace.html.erb (0.8ms)
  Rendered vendor/bundle/ruby/2.0.0/gems/actionpack-4.1.8/lib/action_dispatch/middleware/templates/rescues/_request_and_response.html.erb (0.6ms)
  Rendered vendor/bundle/ruby/2.0.0/gems/actionpack-4.1.8/lib/action_dispatch/middleware/templates/rescues/template_error.html.erb within rescues/layout (8.4ms)


Started GET "/" for 127.0.0.1 at 2015-02-21 23:43:22 +0800
Processing by WelcomeController#index as HTML
  Rendered welcome/index.erb within layouts/application (5.1ms)
Completed 500 Internal Server Error in 7ms

ActionView::Template::Error (undefined local variable or method `cowsay' for #<#<Class:0x007f95bc8ea7c0>:0x007f95b9b36f68>):
    5: </p>
    6: 
    7: <pre>
    8: <%= cowsay.say("Hello") %>
    9: </pre>
  app/views/welcome/index.erb:8:in `_app_views_welcome_index_erb___4125455897905189160_70140522243240'


  Rendered vendor/bundle/ruby/2.0.0/gems/actionpack-4.1.8/lib/action_dispatch/middleware/templates/rescues/_trace.html.erb (0.9ms)
  Rendered vendor/bundle/ruby/2.0.0/gems/actionpack-4.1.8/lib/action_dispatch/middleware/templates/rescues/_request_and_response.html.erb (0.7ms)
  Rendered vendor/bundle/ruby/2.0.0/gems/actionpack-4.1.8/lib/action_dispatch/middleware/templates/rescues/template_error.html.erb within rescues/layout (9.0ms)


Started GET "/" for 127.0.0.1 at 2015-02-21 23:43:22 +0800
Processing by WelcomeController#index as HTML
  Rendered welcome/index.erb within layouts/application (34.3ms)
Completed 500 Internal Server Error in 36ms

ActionView::Template::Error (undefined local variable or method `cowsay' for #<#<Class:0x007f95bc8ea7c0>:0x007f95b9da5858>):
    5: </p>
    6: 
    7: <pre>
    8: <%= cowsay.say("Hello") %>
    9: </pre>
  app/views/welcome/index.erb:8:in `_app_views_welcome_index_erb___4125455897905189160_70140522243240'


  Rendered vendor/bundle/ruby/2.0.0/gems/actionpack-4.1.8/lib/action_dispatch/middleware/templates/rescues/_trace.html.erb (0.7ms)
  Rendered vendor/bundle/ruby/2.0.0/gems/actionpack-4.1.8/lib/action_dispatch/middleware/templates/rescues/_request_and_response.html.erb (0.6ms)
  Rendered vendor/bundle/ruby/2.0.0/gems/actionpack-4.1.8/lib/action_dispatch/middleware/templates/rescues/template_error.html.erb within rescues/layout (8.1ms)


Started GET "/" for 127.0.0.1 at 2015-02-21 23:43:23 +0800
Processing by WelcomeController#index as HTML
  Rendered welcome/index.erb within layouts/application (4.3ms)
Completed 500 Internal Server Error in 6ms

ActionView::Template::Error (undefined local variable or method `cowsay' for #<#<Class:0x007f95bc8ea7c0>:0x007f95bcacb210>):
    5: </p>
    6: 
    7: <pre>
    8: <%= cowsay.say("Hello") %>
    9: </pre>
  app/views/welcome/index.erb:8:in `_app_views_welcome_index_erb___4125455897905189160_70140522243240'


  Rendered vendor/bundle/ruby/2.0.0/gems/actionpack-4.1.8/lib/action_dispatch/middleware/templates/rescues/_trace.html.erb (0.9ms)
  Rendered vendor/bundle/ruby/2.0.0/gems/actionpack-4.1.8/lib/action_dispatch/middleware/templates/rescues/_request_and_response.html.erb (0.5ms)
  Rendered vendor/bundle/ruby/2.0.0/gems/actionpack-4.1.8/lib/action_dispatch/middleware/templates/rescues/template_error.html.erb within rescues/layout (8.7ms)


Started GET "/" for 127.0.0.1 at 2015-02-21 23:43:23 +0800
Processing by WelcomeController#index as HTML
  Rendered welcome/index.erb within layouts/application (4.2ms)
Completed 500 Internal Server Error in 6ms

ActionView::Template::Error (undefined local variable or method `cowsay' for #<#<Class:0x007f95bc8ea7c0>:0x007f95b9b55d00>):
    5: </p>
    6: 
    7: <pre>
    8: <%= cowsay.say("Hello") %>
    9: </pre>
  app/views/welcome/index.erb:8:in `_app_views_welcome_index_erb___4125455897905189160_70140522243240'


  Rendered vendor/bundle/ruby/2.0.0/gems/actionpack-4.1.8/lib/action_dispatch/middleware/templates/rescues/_trace.html.erb (1.0ms)
  Rendered vendor/bundle/ruby/2.0.0/gems/actionpack-4.1.8/lib/action_dispatch/middleware/templates/rescues/_request_and_response.html.erb (0.6ms)
  Rendered vendor/bundle/ruby/2.0.0/gems/actionpack-4.1.8/lib/action_dispatch/middleware/templates/rescues/template_error.html.erb within rescues/layout (9.3ms)


Started GET "/" for 127.0.0.1 at 2015-02-21 23:43:23 +0800
Processing by WelcomeController#index as HTML
  Rendered welcome/index.erb within layouts/application (29.4ms)
Completed 500 Internal Server Error in 31ms

ActionView::Template::Error (undefined local variable or method `cowsay' for #<#<Class:0x007f95bc8ea7c0>:0x007f95b9dc41e0>):
    5: </p>
    6: 
    7: <pre>
    8: <%= cowsay.say("Hello") %>
    9: </pre>
  app/views/welcome/index.erb:8:in `_app_views_welcome_index_erb___4125455897905189160_70140522243240'


  Rendered vendor/bundle/ruby/2.0.0/gems/actionpack-4.1.8/lib/action_dispatch/middleware/templates/rescues/_trace.html.erb (1.4ms)
  Rendered vendor/bundle/ruby/2.0.0/gems/actionpack-4.1.8/lib/action_dispatch/middleware/templates/rescues/_request_and_response.html.erb (0.7ms)
  Rendered vendor/bundle/ruby/2.0.0/gems/actionpack-4.1.8/lib/action_dispatch/middleware/templates/rescues/template_error.html.erb within rescues/layout (9.7ms)


Started GET "/" for 127.0.0.1 at 2015-02-21 23:43:23 +0800
Processing by WelcomeController#index as HTML
  Rendered welcome/index.erb within layouts/application (4.1ms)
Completed 500 Internal Server Error in 6ms

ActionView::Template::Error (undefined local variable or method `cowsay' for #<#<Class:0x007f95bc8ea7c0>:0x007f95bcad32d0>):
    5: </p>
    6: 
    7: <pre>
    8: <%= cowsay.say("Hello") %>
    9: </pre>
  app/views/welcome/index.erb:8:in `_app_views_welcome_index_erb___4125455897905189160_70140522243240'


  Rendered vendor/bundle/ruby/2.0.0/gems/actionpack-4.1.8/lib/action_dispatch/middleware/templates/rescues/_trace.html.erb (0.8ms)
  Rendered vendor/bundle/ruby/2.0.0/gems/actionpack-4.1.8/lib/action_dispatch/middleware/templates/rescues/_request_and_response.html.erb (0.6ms)
  Rendered vendor/bundle/ruby/2.0.0/gems/actionpack-4.1.8/lib/action_dispatch/middleware/templates/rescues/template_error.html.erb within rescues/layout (8.4ms)


Started GET "/" for 127.0.0.1 at 2015-02-21 23:43:24 +0800
Processing by WelcomeController#index as HTML
  Rendered welcome/index.erb within layouts/application (4.2ms)
Completed 500 Internal Server Error in 6ms

ActionView::Template::Error (undefined local variable or method `cowsay' for #<#<Class:0x007f95bc8ea7c0>:0x007f95b9b762d0>):
    5: </p>
    6: 
    7: <pre>
    8: <%= cowsay.say("Hello") %>
    9: </pre>
  app/views/welcome/index.erb:8:in `_app_views_welcome_index_erb___4125455897905189160_70140522243240'


  Rendered vendor/bundle/ruby/2.0.0/gems/actionpack-4.1.8/lib/action_dispatch/middleware/templates/rescues/_trace.html.erb (0.7ms)
  Rendered vendor/bundle/ruby/2.0.0/gems/actionpack-4.1.8/lib/action_dispatch/middleware/templates/rescues/_request_and_response.html.erb (0.5ms)
  Rendered vendor/bundle/ruby/2.0.0/gems/actionpack-4.1.8/lib/action_dispatch/middleware/templates/rescues/template_error.html.erb within rescues/layout (8.3ms)


Started GET "/" for 127.0.0.1 at 2015-02-21 23:43:24 +0800
Processing by WelcomeController#index as HTML
  Rendered welcome/index.erb within layouts/application (30.1ms)
Completed 500 Internal Server Error in 32ms

ActionView::Template::Error (undefined local variable or method `cowsay' for #<#<Class:0x007f95bc8ea7c0>:0x007f95b9de4468>):
    5: </p>
    6: 
    7: <pre>
    8: <%= cowsay.say("Hello") %>
    9: </pre>
  app/views/welcome/index.erb:8:in `_app_views_welcome_index_erb___4125455897905189160_70140522243240'


  Rendered vendor/bundle/ruby/2.0.0/gems/actionpack-4.1.8/lib/action_dispatch/middleware/templates/rescues/_trace.html.erb (0.9ms)
  Rendered vendor/bundle/ruby/2.0.0/gems/actionpack-4.1.8/lib/action_dispatch/middleware/templates/rescues/_request_and_response.html.erb (1.1ms)
  Rendered vendor/bundle/ruby/2.0.0/gems/actionpack-4.1.8/lib/action_dispatch/middleware/templates/rescues/template_error.html.erb within rescues/layout (10.7ms)


Started GET "/" for 127.0.0.1 at 2015-02-21 23:43:32 +0800
Processing by WelcomeController#index as HTML
  Rendered welcome/index.erb within layouts/application (4.5ms)
Completed 500 Internal Server Error in 6ms

ActionView::Template::Error (undefined local variable or method `cowsay' for #<#<Class:0x007f95bc8ea7c0>:0x007f95bcad9a90>):
    5: </p>
    6: 
    7: <pre>
    8: <%= cowsay.say("Hello") %>
    9: </pre>
  app/views/welcome/index.erb:8:in `_app_views_welcome_index_erb___4125455897905189160_70140522243240'


  Rendered vendor/bundle/ruby/2.0.0/gems/actionpack-4.1.8/lib/action_dispatch/middleware/templates/rescues/_trace.html.erb (0.7ms)
  Rendered vendor/bundle/ruby/2.0.0/gems/actionpack-4.1.8/lib/action_dispatch/middleware/templates/rescues/_request_and_response.html.erb (0.5ms)
  Rendered vendor/bundle/ruby/2.0.0/gems/actionpack-4.1.8/lib/action_dispatch/middleware/templates/rescues/template_error.html.erb within rescues/layout (8.0ms)
  [1m[36mActiveRecord::SchemaMigration Load (0.6ms)[0m  [1mSELECT "schema_migrations".* FROM "schema_migrations"[0m
  [1m[35mActiveRecord::SchemaMigration Load (0.2ms)[0m  SELECT "schema_migrations".* FROM "schema_migrations"


Started GET "/" for 127.0.0.1 at 2015-02-21 23:45:16 +0800
Processing by WelcomeController#index as HTML
  Rendered welcome/index.erb within layouts/application (4.3ms)
Completed 500 Internal Server Error in 6ms

ActionView::Template::Error (undefined local variable or method `cowsay' for #<#<Class:0x007f95ba908c40>:0x007f95ba9330f8>):
    5: </p>
    6: 
    7: <pre>
    8: <%= cowsay.say("Hello") %>
    9: </pre>
  app/views/welcome/index.erb:8:in `_app_views_welcome_index_erb___4125455897905189160_70140546106780'


  Rendered vendor/bundle/ruby/2.0.0/gems/actionpack-4.1.8/lib/action_dispatch/middleware/templates/rescues/_trace.html.erb (0.8ms)
  Rendered vendor/bundle/ruby/2.0.0/gems/actionpack-4.1.8/lib/action_dispatch/middleware/templates/rescues/_request_and_response.html.erb (0.7ms)
  Rendered vendor/bundle/ruby/2.0.0/gems/actionpack-4.1.8/lib/action_dispatch/middleware/templates/rescues/template_error.html.erb within rescues/layout (9.8ms)


Started GET "/" for 127.0.0.1 at 2015-02-21 23:55:55 +0800
Processing by WelcomeController#index as HTML
  Rendered welcome/index.erb within layouts/application (1.4ms)
Completed 500 Internal Server Error in 3ms

ActionView::Template::Error (uninitialized constant ActionView::CompiledTemplates::Cowsay):
    5: </p>
    6: 
    7: <pre>
    8: <%= Cowsay.say("Hello") %>
    9: </pre>
  app/views/welcome/index.erb:8:in `_app_views_welcome_index_erb___4125455897905189160_70140522112840'


  Rendered vendor/bundle/ruby/2.0.0/gems/actionpack-4.1.8/lib/action_dispatch/middleware/templates/rescues/_trace.html.erb (0.7ms)
  Rendered vendor/bundle/ruby/2.0.0/gems/actionpack-4.1.8/lib/action_dispatch/middleware/templates/rescues/_request_and_response.html.erb (0.6ms)
  Rendered vendor/bundle/ruby/2.0.0/gems/actionpack-4.1.8/lib/action_dispatch/middleware/templates/rescues/template_error.html.erb within rescues/layout (8.4ms)


Started GET "/" for 127.0.0.1 at 2015-02-21 23:55:59 +0800
Processing by WelcomeController#index as HTML
  Rendered welcome/index.erb within layouts/application (1.4ms)
Completed 500 Internal Server Error in 3ms

ActionView::Template::Error (uninitialized constant ActionView::CompiledTemplates::Cowsay):
    5: </p>
    6: 
    7: <pre>
    8: <%= Cowsay.say("Hello") %>
    9: </pre>
  app/views/welcome/index.erb:8:in `_app_views_welcome_index_erb___4125455897905189160_70140522112840'


  Rendered vendor/bundle/ruby/2.0.0/gems/actionpack-4.1.8/lib/action_dispatch/middleware/templates/rescues/_trace.html.erb (0.9ms)
  Rendered vendor/bundle/ruby/2.0.0/gems/actionpack-4.1.8/lib/action_dispatch/middleware/templates/rescues/_request_and_response.html.erb (1.1ms)
  Rendered vendor/bundle/ruby/2.0.0/gems/actionpack-4.1.8/lib/action_dispatch/middleware/templates/rescues/template_error.html.erb within rescues/layout (9.1ms)


Started GET "/" for 127.0.0.1 at 2015-02-21 23:58:35 +0800
Processing by WelcomeController#index as HTML
  Rendered welcome/index.erb within layouts/application (1.5ms)
Completed 500 Internal Server Error in 3ms

ActionView::Template::Error (uninitialized constant ActionView::CompiledTemplates::Cowsay):
    5: </p>
    6: 
    7: <pre>
    8: <%= Cowsay.say("Hello") %>
    9: </pre>
  app/views/welcome/index.erb:8:in `_app_views_welcome_index_erb___4125455897905189160_70140546386740'


  Rendered vendor/bundle/ruby/2.0.0/gems/actionpack-4.1.8/lib/action_dispatch/middleware/templates/rescues/_trace.html.erb (0.7ms)
  Rendered vendor/bundle/ruby/2.0.0/gems/actionpack-4.1.8/lib/action_dispatch/middleware/templates/rescues/_request_and_response.html.erb (0.6ms)
  Rendered vendor/bundle/ruby/2.0.0/gems/actionpack-4.1.8/lib/action_dispatch/middleware/templates/rescues/template_error.html.erb within rescues/layout (8.1ms)


Started GET "/" for 127.0.0.1 at 2015-02-21 23:59:19 +0800
Processing by WelcomeController#index as HTML
  Rendered welcome/index.erb within layouts/application (1.1ms)
Completed 500 Internal Server Error in 3ms

ActionView::Template::Error (uninitialized constant ActionView::CompiledTemplates::Cowsay):
    5: </p>
    6: 
    7: <pre>
    8: <%= Cowsay.say("Hello") %>
    9: </pre>
  app/views/welcome/index.erb:8:in `_app_views_welcome_index_erb___4125455897905189160_70140522112840'


  Rendered vendor/bundle/ruby/2.0.0/gems/actionpack-4.1.8/lib/action_dispatch/middleware/templates/rescues/_trace.html.erb (0.8ms)
  Rendered vendor/bundle/ruby/2.0.0/gems/actionpack-4.1.8/lib/action_dispatch/middleware/templates/rescues/_request_and_response.html.erb (0.5ms)
  Rendered vendor/bundle/ruby/2.0.0/gems/actionpack-4.1.8/lib/action_dispatch/middleware/templates/rescues/template_error.html.erb within rescues/layout (8.2ms)


Started GET "/" for 127.0.0.1 at 2015-02-22 00:00:10 +0800
Processing by WelcomeController#index as */*
  Rendered welcome/index.erb within layouts/application (3.1ms)
Completed 500 Internal Server Error in 8ms

ActionView::Template::Error (uninitialized constant ActionView::CompiledTemplates::Cowsay):
    5: </p>
    6: 
    7: <pre>
    8: <%= Cowsay.say("Hello") %>
    9: </pre>
  app/views/welcome/index.erb:8:in `_app_views_welcome_index_erb___4125455897905189160_70140521408800'


  Rendered vendor/bundle/ruby/2.0.0/gems/actionpack-4.1.8/lib/action_dispatch/middleware/templates/rescues/_trace.html.erb (0.8ms)
  Rendered vendor/bundle/ruby/2.0.0/gems/actionpack-4.1.8/lib/action_dispatch/middleware/templates/rescues/_request_and_response.html.erb (0.6ms)
  Rendered vendor/bundle/ruby/2.0.0/gems/actionpack-4.1.8/lib/action_dispatch/middleware/templates/rescues/template_error.html.erb within rescues/layout (8.2ms)


Started GET "/" for 127.0.0.1 at 2015-02-22 00:03:47 +0800
Processing by WelcomeController#index as HTML
  Rendered welcome/index.erb within layouts/application (1.4ms)
Completed 500 Internal Server Error in 3ms

ActionView::Template::Error (uninitialized constant ActionView::CompiledTemplates::Cowsay):
    5: </p>
    6: 
    7: <pre>
    8: <%= Cowsay.say("Hello") %>
    9: </pre>
  app/views/welcome/index.erb:8:in `_app_views_welcome_index_erb___4125455897905189160_70140522112840'


  Rendered vendor/bundle/ruby/2.0.0/gems/actionpack-4.1.8/lib/action_dispatch/middleware/templates/rescues/_trace.html.erb (0.7ms)
  Rendered vendor/bundle/ruby/2.0.0/gems/actionpack-4.1.8/lib/action_dispatch/middleware/templates/rescues/_request_and_response.html.erb (0.7ms)
  Rendered vendor/bundle/ruby/2.0.0/gems/actionpack-4.1.8/lib/action_dispatch/middleware/templates/rescues/template_error.html.erb within rescues/layout (13.7ms)


Started GET "/" for 127.0.0.1 at 2015-02-22 00:08:50 +0800
Processing by WelcomeController#index as HTML
  Rendered welcome/index.erb within layouts/application (1.0ms)
Completed 500 Internal Server Error in 3ms

ActionView::Template::Error (uninitialized constant ActionView::CompiledTemplates::Cowsay):
    5: </p>
    6: 
    7: <pre>
    8: <%= Cowsay.say("Hello") %>
    9: </pre>
  app/views/welcome/index.erb:8:in `_app_views_welcome_index_erb___4125455897905189160_70140546386740'


  Rendered vendor/bundle/ruby/2.0.0/gems/actionpack-4.1.8/lib/action_dispatch/middleware/templates/rescues/_trace.html.erb (0.9ms)
  Rendered vendor/bundle/ruby/2.0.0/gems/actionpack-4.1.8/lib/action_dispatch/middleware/templates/rescues/_request_and_response.html.erb (0.7ms)
  Rendered vendor/bundle/ruby/2.0.0/gems/actionpack-4.1.8/lib/action_dispatch/middleware/templates/rescues/template_error.html.erb within rescues/layout (8.7ms)


Started GET "/" for 127.0.0.1 at 2015-02-22 00:09:36 +0800
Processing by WelcomeController#index as HTML
  Rendered welcome/index.erb within layouts/application (1.3ms)
Completed 500 Internal Server Error in 3ms

ActionView::Template::Error (uninitialized constant ActionView::CompiledTemplates::Cowsay):
    5: </p>
    6: 
    7: <pre>
    8: <%= Cowsay.say("Hello") %>
    9: </pre>
  app/views/welcome/index.erb:8:in `_app_views_welcome_index_erb___4125455897905189160_70140522112840'


  Rendered vendor/bundle/ruby/2.0.0/gems/actionpack-4.1.8/lib/action_dispatch/middleware/templates/rescues/_trace.html.erb (0.9ms)
  Rendered vendor/bundle/ruby/2.0.0/gems/actionpack-4.1.8/lib/action_dispatch/middleware/templates/rescues/_request_and_response.html.erb (0.6ms)
  Rendered vendor/bundle/ruby/2.0.0/gems/actionpack-4.1.8/lib/action_dispatch/middleware/templates/rescues/template_error.html.erb within rescues/layout (8.5ms)


Started GET "/" for 127.0.0.1 at 2015-02-22 00:13:22 +0800
Processing by WelcomeController#index as HTML
  Rendered welcome/index.erb within layouts/application (30.1ms)
Completed 500 Internal Server Error in 32ms

ActionView::Template::Error (uninitialized constant ActionView::CompiledTemplates::Cowsay):
    5: </p>
    6: 
    7: <pre>
    8: <%= Cowsay.say("Hello") %>
    9: </pre>
  app/views/welcome/index.erb:8:in `_app_views_welcome_index_erb___4125455897905189160_70140546386740'


  Rendered vendor/bundle/ruby/2.0.0/gems/actionpack-4.1.8/lib/action_dispatch/middleware/templates/rescues/_trace.html.erb (0.7ms)
  Rendered vendor/bundle/ruby/2.0.0/gems/actionpack-4.1.8/lib/action_dispatch/middleware/templates/rescues/_request_and_response.html.erb (0.6ms)
  Rendered vendor/bundle/ruby/2.0.0/gems/actionpack-4.1.8/lib/action_dispatch/middleware/templates/rescues/template_error.html.erb within rescues/layout (8.2ms)


Started GET "/" for 127.0.0.1 at 2015-02-22 00:13:41 +0800
Processing by WelcomeController#index as HTML
  Rendered welcome/index.erb within layouts/application (1.2ms)
Completed 500 Internal Server Error in 3ms

ActionView::Template::Error (uninitialized constant ActionView::CompiledTemplates::Cowsay):
    5: </p>
    6: 
    7: <pre>
    8: <%= Cowsay.say("Hello") %>
    9: </pre>
  app/views/welcome/index.erb:8:in `_app_views_welcome_index_erb___4125455897905189160_70140546386740'


  Rendered vendor/bundle/ruby/2.0.0/gems/actionpack-4.1.8/lib/action_dispatch/middleware/templates/rescues/_trace.html.erb (0.8ms)
  Rendered vendor/bundle/ruby/2.0.0/gems/actionpack-4.1.8/lib/action_dispatch/middleware/templates/rescues/_request_and_response.html.erb (0.6ms)
  Rendered vendor/bundle/ruby/2.0.0/gems/actionpack-4.1.8/lib/action_dispatch/middleware/templates/rescues/template_error.html.erb within rescues/layout (8.6ms)


Started GET "/" for 127.0.0.1 at 2015-02-22 00:13:42 +0800
Processing by WelcomeController#index as HTML
  Rendered welcome/index.erb within layouts/application (1.4ms)
Completed 500 Internal Server Error in 3ms

ActionView::Template::Error (uninitialized constant ActionView::CompiledTemplates::Cowsay):
    5: </p>
    6: 
    7: <pre>
    8: <%= Cowsay.say("Hello") %>
    9: </pre>
  app/views/welcome/index.erb:8:in `_app_views_welcome_index_erb___4125455897905189160_70140546386740'


  Rendered vendor/bundle/ruby/2.0.0/gems/actionpack-4.1.8/lib/action_dispatch/middleware/templates/rescues/_trace.html.erb (0.8ms)
  Rendered vendor/bundle/ruby/2.0.0/gems/actionpack-4.1.8/lib/action_dispatch/middleware/templates/rescues/_request_and_response.html.erb (0.6ms)
  Rendered vendor/bundle/ruby/2.0.0/gems/actionpack-4.1.8/lib/action_dispatch/middleware/templates/rescues/template_error.html.erb within rescues/layout (9.0ms)


Started GET "/" for 127.0.0.1 at 2015-02-22 00:13:42 +0800
Processing by WelcomeController#index as HTML
  Rendered welcome/index.erb within layouts/application (1.0ms)
Completed 500 Internal Server Error in 3ms

ActionView::Template::Error (uninitialized constant ActionView::CompiledTemplates::Cowsay):
    5: </p>
    6: 
    7: <pre>
    8: <%= Cowsay.say("Hello") %>
    9: </pre>
  app/views/welcome/index.erb:8:in `_app_views_welcome_index_erb___4125455897905189160_70140546386740'


  Rendered vendor/bundle/ruby/2.0.0/gems/actionpack-4.1.8/lib/action_dispatch/middleware/templates/rescues/_trace.html.erb (0.8ms)
  Rendered vendor/bundle/ruby/2.0.0/gems/actionpack-4.1.8/lib/action_dispatch/middleware/templates/rescues/_request_and_response.html.erb (2.4ms)
  Rendered vendor/bundle/ruby/2.0.0/gems/actionpack-4.1.8/lib/action_dispatch/middleware/templates/rescues/template_error.html.erb within rescues/layout (10.8ms)


Started GET "/" for 127.0.0.1 at 2015-02-22 00:13:43 +0800
Processing by WelcomeController#index as HTML
  Rendered welcome/index.erb within layouts/application (1.1ms)
Completed 500 Internal Server Error in 3ms

ActionView::Template::Error (uninitialized constant ActionView::CompiledTemplates::Cowsay):
    5: </p>
    6: 
    7: <pre>
    8: <%= Cowsay.say("Hello") %>
    9: </pre>
  app/views/welcome/index.erb:8:in `_app_views_welcome_index_erb___4125455897905189160_70140546386740'


  Rendered vendor/bundle/ruby/2.0.0/gems/actionpack-4.1.8/lib/action_dispatch/middleware/templates/rescues/_trace.html.erb (0.8ms)
  Rendered vendor/bundle/ruby/2.0.0/gems/actionpack-4.1.8/lib/action_dispatch/middleware/templates/rescues/_request_and_response.html.erb (0.7ms)
  Rendered vendor/bundle/ruby/2.0.0/gems/actionpack-4.1.8/lib/action_dispatch/middleware/templates/rescues/template_error.html.erb within rescues/layout (9.1ms)


Started GET "/" for 127.0.0.1 at 2015-02-22 00:13:43 +0800
Processing by WelcomeController#index as HTML
  Rendered welcome/index.erb within layouts/application (29.5ms)
Completed 500 Internal Server Error in 31ms

ActionView::Template::Error (uninitialized constant ActionView::CompiledTemplates::Cowsay):
    5: </p>
    6: 
    7: <pre>
    8: <%= Cowsay.say("Hello") %>
    9: </pre>
  app/views/welcome/index.erb:8:in `_app_views_welcome_index_erb___4125455897905189160_70140546386740'


  Rendered vendor/bundle/ruby/2.0.0/gems/actionpack-4.1.8/lib/action_dispatch/middleware/templates/rescues/_trace.html.erb (0.7ms)
  Rendered vendor/bundle/ruby/2.0.0/gems/actionpack-4.1.8/lib/action_dispatch/middleware/templates/rescues/_request_and_response.html.erb (0.6ms)
  Rendered vendor/bundle/ruby/2.0.0/gems/actionpack-4.1.8/lib/action_dispatch/middleware/templates/rescues/template_error.html.erb within rescues/layout (8.0ms)


Started GET "/" for 127.0.0.1 at 2015-02-22 00:13:43 +0800
Processing by WelcomeController#index as HTML
  Rendered welcome/index.erb within layouts/application (1.2ms)
Completed 500 Internal Server Error in 3ms

ActionView::Template::Error (uninitialized constant ActionView::CompiledTemplates::Cowsay):
    5: </p>
    6: 
    7: <pre>
    8: <%= Cowsay.say("Hello") %>
    9: </pre>
  app/views/welcome/index.erb:8:in `_app_views_welcome_index_erb___4125455897905189160_70140546386740'


  Rendered vendor/bundle/ruby/2.0.0/gems/actionpack-4.1.8/lib/action_dispatch/middleware/templates/rescues/_trace.html.erb (1.1ms)
  Rendered vendor/bundle/ruby/2.0.0/gems/actionpack-4.1.8/lib/action_dispatch/middleware/templates/rescues/_request_and_response.html.erb (0.9ms)
  Rendered vendor/bundle/ruby/2.0.0/gems/actionpack-4.1.8/lib/action_dispatch/middleware/templates/rescues/template_error.html.erb within rescues/layout (9.3ms)


Started GET "/" for 127.0.0.1 at 2015-02-22 00:16:24 +0800
Processing by WelcomeController#index as HTML
  Rendered welcome/index.erb within layouts/application (1.0ms)
Completed 500 Internal Server Error in 2ms

ActionView::Template::Error (uninitialized constant ActionView::CompiledTemplates::Cowsay):
    5: </p>
    6: 
    7: <pre>
    8: <%= Cowsay.say("Hello") %>
    9: </pre>
  app/views/welcome/index.erb:8:in `_app_views_welcome_index_erb___4125455897905189160_70140522112840'


  Rendered vendor/bundle/ruby/2.0.0/gems/actionpack-4.1.8/lib/action_dispatch/middleware/templates/rescues/_trace.html.erb (0.9ms)
  Rendered vendor/bundle/ruby/2.0.0/gems/actionpack-4.1.8/lib/action_dispatch/middleware/templates/rescues/_request_and_response.html.erb (0.7ms)
  Rendered vendor/bundle/ruby/2.0.0/gems/actionpack-4.1.8/lib/action_dispatch/middleware/templates/rescues/template_error.html.erb within rescues/layout (8.8ms)


Started GET "/" for 127.0.0.1 at 2015-02-22 00:16:26 +0800
Processing by WelcomeController#index as HTML
  Rendered welcome/index.erb within layouts/application (32.8ms)
Completed 500 Internal Server Error in 35ms

ActionView::Template::Error (uninitialized constant ActionView::CompiledTemplates::Cowsay):
    5: </p>
    6: 
    7: <pre>
    8: <%= Cowsay.say("Hello") %>
    9: </pre>
  app/views/welcome/index.erb:8:in `_app_views_welcome_index_erb___4125455897905189160_70140522112840'


  Rendered vendor/bundle/ruby/2.0.0/gems/actionpack-4.1.8/lib/action_dispatch/middleware/templates/rescues/_trace.html.erb (0.7ms)
  Rendered vendor/bundle/ruby/2.0.0/gems/actionpack-4.1.8/lib/action_dispatch/middleware/templates/rescues/_request_and_response.html.erb (0.6ms)
  Rendered vendor/bundle/ruby/2.0.0/gems/actionpack-4.1.8/lib/action_dispatch/middleware/templates/rescues/template_error.html.erb within rescues/layout (8.0ms)


Started GET "/" for 127.0.0.1 at 2015-02-22 00:16:26 +0800
Processing by WelcomeController#index as HTML
  Rendered welcome/index.erb within layouts/application (1.3ms)
Completed 500 Internal Server Error in 3ms

ActionView::Template::Error (uninitialized constant ActionView::CompiledTemplates::Cowsay):
    5: </p>
    6: 
    7: <pre>
    8: <%= Cowsay.say("Hello") %>
    9: </pre>
  app/views/welcome/index.erb:8:in `_app_views_welcome_index_erb___4125455897905189160_70140522112840'


  Rendered vendor/bundle/ruby/2.0.0/gems/actionpack-4.1.8/lib/action_dispatch/middleware/templates/rescues/_trace.html.erb (0.7ms)
  Rendered vendor/bundle/ruby/2.0.0/gems/actionpack-4.1.8/lib/action_dispatch/middleware/templates/rescues/_request_and_response.html.erb (0.6ms)
  Rendered vendor/bundle/ruby/2.0.0/gems/actionpack-4.1.8/lib/action_dispatch/middleware/templates/rescues/template_error.html.erb within rescues/layout (8.4ms)


Started GET "/" for 127.0.0.1 at 2015-02-22 00:16:27 +0800
Processing by WelcomeController#index as HTML
  Rendered welcome/index.erb within layouts/application (1.2ms)
Completed 500 Internal Server Error in 3ms

ActionView::Template::Error (uninitialized constant ActionView::CompiledTemplates::Cowsay):
    5: </p>
    6: 
    7: <pre>
    8: <%= Cowsay.say("Hello") %>
    9: </pre>
  app/views/welcome/index.erb:8:in `_app_views_welcome_index_erb___4125455897905189160_70140522112840'


  Rendered vendor/bundle/ruby/2.0.0/gems/actionpack-4.1.8/lib/action_dispatch/middleware/templates/rescues/_trace.html.erb (0.7ms)
  Rendered vendor/bundle/ruby/2.0.0/gems/actionpack-4.1.8/lib/action_dispatch/middleware/templates/rescues/_request_and_response.html.erb (0.8ms)
  Rendered vendor/bundle/ruby/2.0.0/gems/actionpack-4.1.8/lib/action_dispatch/middleware/templates/rescues/template_error.html.erb within rescues/layout (9.3ms)


Started GET "/" for 127.0.0.1 at 2015-02-22 00:22:37 +0800
  [1m[36mActiveRecord::SchemaMigration Load (0.3ms)[0m  [1mSELECT "schema_migrations".* FROM "schema_migrations"[0m
Processing by WelcomeController#index as HTML
  Rendered welcome/index.erb within layouts/application (1.0ms)
Completed 200 OK in 1162ms (Views: 1146.2ms | ActiveRecord: 0.0ms)


Started GET "/assets/scaffolds.css?body=1" for 127.0.0.1 at 2015-02-22 00:22:38 +0800


Started GET "/assets/widgets.css?body=1" for 127.0.0.1 at 2015-02-22 00:22:38 +0800


Started GET "/assets/application.css?body=1" for 127.0.0.1 at 2015-02-22 00:22:38 +0800


Started GET "/assets/welcome.js?body=1" for 127.0.0.1 at 2015-02-22 00:22:38 +0800


Started GET "/assets/jquery.js?body=1" for 127.0.0.1 at 2015-02-22 00:22:38 +0800


Started GET "/assets/jquery_ujs.js?body=1" for 127.0.0.1 at 2015-02-22 00:22:38 +0800


Started GET "/assets/turbolinks.js?body=1" for 127.0.0.1 at 2015-02-22 00:22:38 +0800




Started GET "/assets/widgets.js?body=1" for 127.0.0.1 at 2015-02-22 00:22:38 +0800
Started GET "/assets/welcome.css?body=1" for 127.0.0.1 at 2015-02-22 00:22:38 +0800


Started GET "/assets/application.js?body=1" for 127.0.0.1 at 2015-02-22 00:22:38 +0800
  [1m[36mActiveRecord::SchemaMigration Load (0.4ms)[0m  [1mSELECT "schema_migrations".* FROM "schema_migrations"[0m


Started GET "/" for 127.0.0.1 at 2015-02-22 00:22:41 +0800
Processing by WelcomeController#index as HTML
  Rendered welcome/index.erb within layouts/application (0.2ms)
Completed 200 OK in 95ms (Views: 94.3ms | ActiveRecord: 0.0ms)




Started GET "/assets/scaffolds.css?body=1" for 127.0.0.1 at 2015-02-22 00:22:41 +0800
Started GET "/assets/welcome.css?body=1" for 127.0.0.1 at 2015-02-22 00:22:41 +0800




Started GET "/assets/turbolinks.js?body=1" for 127.0.0.1 at 2015-02-22 00:22:41 +0800
Started GET "/assets/widgets.css?body=1" for 127.0.0.1 at 2015-02-22 00:22:41 +0800


Started GET "/assets/widgets.js?body=1" for 127.0.0.1 at 2015-02-22 00:22:41 +0800


Started GET "/assets/welcome.js?body=1" for 127.0.0.1 at 2015-02-22 00:22:41 +0800


Started GET "/assets/application.css?body=1" for 127.0.0.1 at 2015-02-22 00:22:41 +0800


Started GET "/assets/jquery.js?body=1" for 127.0.0.1 at 2015-02-22 00:22:41 +0800


Started GET "/assets/jquery_ujs.js?body=1" for 127.0.0.1 at 2015-02-22 00:22:41 +0800


Started GET "/assets/application.js?body=1" for 127.0.0.1 at 2015-02-22 00:22:41 +0800


Started GET "/" for 127.0.0.1 at 2015-02-22 00:22:43 +0800
Processing by WelcomeController#index as HTML
  Rendered welcome/index.erb within layouts/application (0.1ms)
Completed 200 OK in 54ms (Views: 53.0ms | ActiveRecord: 0.0ms)


Started GET "/assets/scaffolds.css?body=1" for 127.0.0.1 at 2015-02-22 00:22:43 +0800


Started GET "/assets/welcome.css?body=1" for 127.0.0.1 at 2015-02-22 00:22:43 +0800




Started GET "/assets/turbolinks.js?body=1" for 127.0.0.1 at 2015-02-22 00:22:43 +0800
Started GET "/assets/widgets.css?body=1" for 127.0.0.1 at 2015-02-22 00:22:43 +0800


Started GET "/assets/welcome.js?body=1" for 127.0.0.1 at 2015-02-22 00:22:43 +0800


Started GET "/assets/application.css?body=1" for 127.0.0.1 at 2015-02-22 00:22:43 +0800


Started GET "/assets/jquery.js?body=1" for 127.0.0.1 at 2015-02-22 00:22:43 +0800


Started GET "/assets/widgets.js?body=1" for 127.0.0.1 at 2015-02-22 00:22:43 +0800


Started GET "/assets/jquery_ujs.js?body=1" for 127.0.0.1 at 2015-02-22 00:22:43 +0800


Started GET "/assets/application.js?body=1" for 127.0.0.1 at 2015-02-22 00:22:43 +0800


Started GET "/" for 127.0.0.1 at 2015-02-22 23:00:08 +0800
  [1m[36mActiveRecord::SchemaMigration Load (1.5ms)[0m  [1mSELECT "schema_migrations".* FROM "schema_migrations"[0m
Processing by WelcomeController#index as HTML
  Rendered welcome/index.erb within layouts/application (1.9ms)
Completed 200 OK in 166ms (Views: 145.8ms | ActiveRecord: 0.0ms)


Started GET "/assets/scaffolds.css?body=1" for 127.0.0.1 at 2015-02-22 23:00:08 +0800


Started GET "/assets/jquery_ujs.js?body=1" for 127.0.0.1 at 2015-02-22 23:00:08 +0800


Started GET "/assets/widgets.css?body=1" for 127.0.0.1 at 2015-02-22 23:00:08 +0800


Started GET "/assets/turbolinks.js?body=1" for 127.0.0.1 at 2015-02-22 23:00:08 +0800


Started GET "/assets/widgets.js?body=1" for 127.0.0.1 at 2015-02-22 23:00:08 +0800


Started GET "/assets/welcome.js?body=1" for 127.0.0.1 at 2015-02-22 23:00:08 +0800


Started GET "/assets/jquery.js?body=1" for 127.0.0.1 at 2015-02-22 23:00:08 +0800


Started GET "/assets/application.js?body=1" for 127.0.0.1 at 2015-02-22 23:00:08 +0800
  [1m[36mActiveRecord::SchemaMigration Load (0.5ms)[0m  [1mSELECT "schema_migrations".* FROM "schema_migrations"[0m


Started GET "/assets/application.css?body=1" for 127.0.0.1 at 2015-02-22 23:00:08 +0800


Started GET "/assets/welcome.css?body=1" for 127.0.0.1 at 2015-02-22 23:00:08 +0800


Started GET "/" for 127.0.0.1 at 2015-02-22 23:00:11 +0800
Processing by WelcomeController#index as HTML
  Rendered welcome/index.erb within layouts/application (0.1ms)
Completed 200 OK in 31ms (Views: 30.4ms | ActiveRecord: 0.0ms)


Started GET "/assets/scaffolds.css?body=1" for 127.0.0.1 at 2015-02-22 23:00:12 +0800


Started GET "/assets/welcome.css?body=1" for 127.0.0.1 at 2015-02-22 23:00:12 +0800




Started GET "/assets/widgets.css?body=1" for 127.0.0.1 at 2015-02-22 23:00:12 +0800
Started GET "/assets/application.css?body=1" for 127.0.0.1 at 2015-02-22 23:00:12 +0800


Started GET "/assets/jquery_ujs.js?body=1" for 127.0.0.1 at 2015-02-22 23:00:12 +0800


Started GET "/assets/widgets.js?body=1" for 127.0.0.1 at 2015-02-22 23:00:12 +0800


Started GET "/assets/application.js?body=1" for 127.0.0.1 at 2015-02-22 23:00:12 +0800


Started GET "/assets/jquery.js?body=1" for 127.0.0.1 at 2015-02-22 23:00:12 +0800


Started GET "/assets/turbolinks.js?body=1" for 127.0.0.1 at 2015-02-22 23:00:12 +0800


Started GET "/assets/welcome.js?body=1" for 127.0.0.1 at 2015-02-22 23:00:12 +0800
